<?xml version="1.0" encoding="UTF-8"?>
<!-- Generated by org.testng.reporters.JUnitReportReporter -->
<testsuite hostname="ActiveMc03siMac" failures="0" tests="1" name="com.Tender.test.GlobalCheckList" time="52.108" errors="0" timestamp="10 Nov 2021 11:48:15 GMT" skipped="0">
  <testcase classname="com.Tender.test.GlobalCheckList" name="Global_BrowseBy" time="52.108"/>
</testsuite> <!-- com.Tender.test.GlobalCheckList -->
