<?xml version="1.0" encoding="UTF-8"?>
<!-- Generated by org.testng.reporters.JUnitReportReporter -->
<testsuite hostname="ActiveMac03s-iMac.local" failures="0" tests="1" name="com.Tender.test.Checklist2" time="18.266" errors="0" timestamp="02 Nov 2021 13:11:24 GMT" skipped="0">
  <testcase classname="com.Tender.test.Checklist2" name="TenderlistingAndDetailPage" time="18.266"/>
</testsuite> <!-- com.Tender.test.Checklist2 -->
